2021-01-17 11:31:29.576  INFO 6368 --- [main] c.g.q.q.QuerywmslistApplication          : Starting QuerywmslistApplication on neo-dl with PID 6368 (started by neo-dl in /home/neo-dl/Development/workspace/geographic-services-catalogue/server/querywmslist(修改版）)
2021-01-17 11:31:29.577  INFO 6368 --- [main] c.g.q.q.QuerywmslistApplication          : No active profile set, falling back to default profiles: default
2021-01-17 11:31:30.119  INFO 6368 --- [main] .s.d.r.c.RepositoryConfigurationDelegate : Bootstrapping Spring Data repositories in DEFAULT mode.
2021-01-17 11:31:30.128  INFO 6368 --- [main] .s.d.r.c.RepositoryConfigurationDelegate : Finished Spring Data repository scanning in 5ms. Found 0 repository interfaces.
2021-01-17 11:31:30.322  INFO 6368 --- [main] trationDelegate$BeanPostProcessorChecker : Bean 'org.springframework.transaction.annotation.ProxyTransactionManagementConfiguration' of type [org.springframework.transaction.annotation.ProxyTransactionManagementConfiguration$$EnhancerBySpringCGLIB$$1ab71ce3] is not eligible for getting processed by all BeanPostProcessors (for example: not eligible for auto-proxying)
2021-01-17 11:31:30.492  INFO 6368 --- [main] o.s.b.w.embedded.tomcat.TomcatWebServer  : Tomcat initialized with port(s): 8081 (http)
2021-01-17 11:31:30.505  INFO 6368 --- [main] o.apache.catalina.core.StandardService   : Starting service [Tomcat]
2021-01-17 11:31:30.505  INFO 6368 --- [main] org.apache.catalina.core.StandardEngine  : Starting Servlet Engine: Apache Tomcat/9.0.13
2021-01-17 11:31:30.509  INFO 6368 --- [main] o.a.catalina.core.AprLifecycleListener   : The APR based Apache Tomcat Native library which allows optimal performance in production environments was not found on the java.library.path: [/usr/java/packages/lib/amd64:/usr/lib64:/lib64:/lib:/usr/lib]
2021-01-17 11:31:30.567  INFO 6368 --- [main] o.a.c.c.C.[Tomcat].[localhost].[/]       : Initializing Spring embedded WebApplicationContext
2021-01-17 11:31:30.568  INFO 6368 --- [main] o.s.web.context.ContextLoader            : Root WebApplicationContext: initialization completed in 968 ms
2021-01-17 11:31:30.662  INFO 6368 --- [main] com.zaxxer.hikari.HikariDataSource       : HikariPool-1 - Starting...
2021-01-17 11:31:30.868  INFO 6368 --- [main] com.zaxxer.hikari.HikariDataSource       : HikariPool-1 - Start completed.
2021-01-17 11:31:30.895  INFO 6368 --- [main] o.hibernate.jpa.internal.util.LogHelper  : HHH000204: Processing PersistenceUnitInfo [
	name: default
	...]
2021-01-17 11:31:30.922  INFO 6368 --- [main] org.hibernate.Version                    : HHH000412: Hibernate Core {5.3.7.Final}
2021-01-17 11:31:30.923  INFO 6368 --- [main] org.hibernate.cfg.Environment            : HHH000206: hibernate.properties not found
2021-01-17 11:31:30.983  INFO 6368 --- [main] o.hibernate.annotations.common.Version   : HCANN000001: Hibernate Commons Annotations {5.0.4.Final}
2021-01-17 11:31:31.059  INFO 6368 --- [main] org.hibernate.dialect.Dialect            : HHH000400: Using dialect: org.hibernate.dialect.MySQL5Dialect
2021-01-17 11:31:31.148  INFO 6368 --- [main] j.LocalContainerEntityManagerFactoryBean : Initialized JPA EntityManagerFactory for persistence unit 'default'
2021-01-17 11:31:31.369  WARN 6368 --- [main] aWebConfiguration$JpaWebMvcConfiguration : spring.jpa.open-in-view is enabled by default. Therefore, database queries may be performed during view rendering. Explicitly configure spring.jpa.open-in-view to disable this warning
2021-01-17 11:31:31.456  INFO 6368 --- [main] pertySourcedRequestMappingHandlerMapping : Mapped URL path [/v2/api-docs] onto method [public org.springframework.http.ResponseEntity<springfox.documentation.spring.web.json.Json> springfox.documentation.swagger2.web.Swagger2Controller.getDocumentation(java.lang.String,javax.servlet.http.HttpServletRequest)]
2021-01-17 11:31:31.560  INFO 6368 --- [main] o.s.s.concurrent.ThreadPoolTaskExecutor  : Initializing ExecutorService 'applicationTaskExecutor'
2021-01-17 11:31:31.756  INFO 6368 --- [main] d.s.w.p.DocumentationPluginsBootstrapper : Context refreshed
2021-01-17 11:31:31.767  INFO 6368 --- [main] d.s.w.p.DocumentationPluginsBootstrapper : Found 1 custom documentation plugin(s)
2021-01-17 11:31:31.790  INFO 6368 --- [main] s.d.s.w.s.ApiListingReferenceScanner     : Scanning for api listing references
2021-01-17 11:31:31.886  WARN 6368 --- [main] s.d.s.w.r.p.ParameterDataTypeReader      : Trying to infer dataType java.lang.Integer[]
2021-01-17 11:31:31.891  WARN 6368 --- [main] s.d.s.w.r.p.ParameterDataTypeReader      : Trying to infer dataType float[]
2021-01-17 11:31:31.893  INFO 6368 --- [main] .d.s.w.r.o.CachingOperationNameGenerator : Generating unique operation named: getLayerListUsingGET_1
2021-01-17 11:31:31.900  WARN 6368 --- [main] s.d.s.w.r.p.ParameterDataTypeReader      : Trying to infer dataType float[]
2021-01-17 11:31:31.923  INFO 6368 --- [main] o.s.b.w.embedded.tomcat.TomcatWebServer  : Tomcat started on port(s): 8081 (http) with context path ''
2021-01-17 11:31:31.924  INFO 6368 --- [main] c.g.q.q.QuerywmslistApplication          : Started QuerywmslistApplication in 2.579 seconds (JVM running for 2.836)
2021-01-17 11:31:59.114  INFO 6368 --- [http-nio-8081-exec-1] o.a.c.c.C.[Tomcat].[localhost].[/]       : Initializing Spring DispatcherServlet 'dispatcherServlet'
2021-01-17 11:31:59.114  INFO 6368 --- [http-nio-8081-exec-1] o.s.web.servlet.DispatcherServlet        : Initializing Servlet 'dispatcherServlet'
2021-01-17 11:31:59.120  INFO 6368 --- [http-nio-8081-exec-1] o.s.web.servlet.DispatcherServlet        : Completed initialization in 6 ms
2021-01-17 11:31:59.331 DEBUG 6368 --- [http-nio-8081-exec-1] c.g.q.q.service.LayerQueryService        : 生成：4,按照样例查询：144,计算相似度：2,排序：0,分页：0,查询：43,转换：99
2021-01-17 11:32:45.620  INFO 6368 --- [RMI TCP Connection(3)-127.0.0.1] inMXBeanRegistrar$SpringApplicationAdmin : Application shutdown requested.
2021-01-17 11:32:45.625  INFO 6368 --- [RMI TCP Connection(3)-127.0.0.1] o.s.s.concurrent.ThreadPoolTaskExecutor  : Shutting down ExecutorService 'applicationTaskExecutor'
2021-01-17 11:32:45.630  INFO 6368 --- [RMI TCP Connection(3)-127.0.0.1] j.LocalContainerEntityManagerFactoryBean : Closing JPA EntityManagerFactory for persistence unit 'default'
2021-01-17 11:32:45.633  INFO 6368 --- [RMI TCP Connection(3)-127.0.0.1] com.zaxxer.hikari.HikariDataSource       : HikariPool-1 - Shutdown initiated...
2021-01-17 11:32:45.639  INFO 6368 --- [RMI TCP Connection(3)-127.0.0.1] com.zaxxer.hikari.HikariDataSource       : HikariPool-1 - Shutdown completed.
